<?xml version="1.0" encoding="UTF-8"?>
<testng-results ignored="0" total="2" passed="2" failed="0" skipped="0">
  <reporter-output>
  </reporter-output>
  <suite started-at="2021-06-22T09:53:55 IST" name="Default suite" finished-at="2021-06-22T09:56:42 IST" duration-ms="167321">
    <groups>
    </groups>
    <test started-at="2021-06-22T09:53:55 IST" name="Default test" finished-at="2021-06-22T09:56:42 IST" duration-ms="167321">
      <class name="moneyControl.moneyControlUseCase1">
        <test-method is-config="true" signature="setUp()[pri:0, instance:moneyControl.moneyControlUseCase1@5b03b9fe]" started-at="2021-06-22T09:53:55 IST" name="setUp" finished-at="2021-06-22T09:54:55 IST" duration-ms="60118" status="PASS">
          <reporter-output>
          </reporter-output>
        </test-method> <!-- setUp -->
        <test-method signature="loginSuccess()[pri:1, instance:moneyControl.moneyControlUseCase1@5b03b9fe]" started-at="2021-06-22T09:54:55 IST" name="loginSuccess" finished-at="2021-06-22T09:55:49 IST" duration-ms="54370" status="PASS">
          <reporter-output>
          </reporter-output>
        </test-method> <!-- loginSuccess -->
        <test-method signature="loginFailure()[pri:2, instance:moneyControl.moneyControlUseCase1@5b03b9fe]" started-at="2021-06-22T09:55:49 IST" name="loginFailure" finished-at="2021-06-22T09:56:34 IST" duration-ms="45273" status="PASS">
          <reporter-output>
          </reporter-output>
        </test-method> <!-- loginFailure -->
        <test-method is-config="true" signature="tearDown()[pri:0, instance:moneyControl.moneyControlUseCase1@5b03b9fe]" started-at="2021-06-22T09:56:34 IST" name="tearDown" finished-at="2021-06-22T09:56:42 IST" duration-ms="7384" status="PASS">
          <reporter-output>
          </reporter-output>
        </test-method> <!-- tearDown -->
      </class> <!-- moneyControl.moneyControlUseCase1 -->
    </test> <!-- Default test -->
  </suite> <!-- Default suite -->
</testng-results>
